<?xml version="1.0" encoding="UTF-8"?>
<!-- Generated by org.testng.reporters.JUnitXMLReporter -->
<testsuite ignored="0" hostname="PC124" failures="0" tests="8" name="All Tests" time="45.911" errors="0" timestamp="2026-05-30T19:18:59 CEST">
  <testcase classname="com.qaengineer.tests.LoginTest" name="loginExitosoTest" time="4.371"/>
  <testcase classname="com.qaengineer.tests.LoginTest" name="loginFallidoDesdeCSVTest" time="2.827"/>
  <testcase classname="com.qaengineer.tests.LoginTest" name="loginFallidoDesdeCSVTest" time="2.665"/>
  <testcase classname="com.qaengineer.tests.LoginTest" name="loginFallidoDesdeCSVTest" time="2.663"/>
  <testcase classname="com.qaengineer.tests.LoginTest" name="loginFallidoDesdeCSVTest" time="2.738"/>
  <testcase classname="com.qaengineer.tests.LoginTest" name="loginFallidoTest" time="2.858"/>
  <testcase classname="com.qaengineer.tests.LoginTest" name="loginFallidoTest" time="2.762"/>
  <testcase classname="com.qaengineer.tests.LoginTest" name="loginFallidoTest" time="2.768"/>
</testsuite> <!-- All Tests -->
