<?xml version="1.0" encoding="UTF-8"?>
<!-- Generated by org.testng.reporters.JUnitXMLReporter -->
<testsuite ignored="0" hostname="PC124" failures="0" tests="4" name="All Tests" time="27.256" errors="0" timestamp="2026-05-30T16:38:47 CEST">
  <testcase classname="com.qaengineer.tests.LoginTest" name="loginExitosoTest" time="5.547"/>
  <testcase classname="com.qaengineer.tests.LoginTest" name="loginFallidoTest" time="2.566"/>
  <testcase classname="com.qaengineer.tests.LoginTest" name="loginFallidoTest" time="2.868"/>
  <testcase classname="com.qaengineer.tests.LoginTest" name="loginFallidoTest" time="2.713"/>
</testsuite> <!-- All Tests -->
