<?xml version="1.0" encoding="UTF-8"?>
<testng-results ignored="0" total="3" passed="3" failed="0" skipped="0">
  <reporter-output>
  </reporter-output>
  <suite started-at="2026-05-30T14:34:09 CEST" name="QA Selenium Suite" finished-at="2026-05-30T14:34:37 CEST" duration-ms="27558">
    <groups>
      <group name="regression">
        <method signature="LoginTest.loginFallidoTest(java.lang.String,java.lang.String,java.lang.String)[pri:0, instance:com.qaengineer.tests.LoginTest@7d9d0818]" name="loginFallidoTest" class="com.qaengineer.tests.LoginTest"/>
      </group> <!-- regression -->
      <group name="smoke">
        <method signature="LoginTest.loginExitosoTest()[pri:0, instance:com.qaengineer.tests.LoginTest@7d9d0818]" name="loginExitosoTest" class="com.qaengineer.tests.LoginTest"/>
      </group> <!-- smoke -->
    </groups>
    <test started-at="2026-05-30T14:34:09 CEST" name="All Tests" finished-at="2026-05-30T14:34:37 CEST" duration-ms="27558">
      <class name="com.qaengineer.tests.LoginTest">
        <test-method is-config="true" signature="setUp()[pri:0, instance:com.qaengineer.tests.LoginTest@7d9d0818]" started-at="2026-05-30T14:34:09 CEST" name="setUp" finished-at="2026-05-30T14:34:23 CEST" duration-ms="13611" status="PASS">
          <reporter-output>
          </reporter-output>
        </test-method> <!-- setUp -->
        <test-method signature="loginExitosoTest()[pri:0, instance:com.qaengineer.tests.LoginTest@7d9d0818]" started-at="2026-05-30T14:34:23 CEST" name="loginExitosoTest" finished-at="2026-05-30T14:34:26 CEST" duration-ms="3241" status="PASS">
          <reporter-output>
          </reporter-output>
        </test-method> <!-- loginExitosoTest -->
        <test-method is-config="true" signature="tearDown()[pri:0, instance:com.qaengineer.tests.LoginTest@7d9d0818]" started-at="2026-05-30T14:34:26 CEST" name="tearDown" finished-at="2026-05-30T14:34:27 CEST" duration-ms="484" status="PASS">
          <reporter-output>
          </reporter-output>
        </test-method> <!-- tearDown -->
        <test-method is-config="true" signature="setUp()[pri:0, instance:com.qaengineer.tests.LoginTest@7d9d0818]" started-at="2026-05-30T14:34:27 CEST" name="setUp" finished-at="2026-05-30T14:34:29 CEST" duration-ms="1922" status="PASS">
          <reporter-output>
          </reporter-output>
        </test-method> <!-- setUp -->
        <test-method signature="loginFallidoTest(java.lang.String,java.lang.String,java.lang.String)[pri:0, instance:com.qaengineer.tests.LoginTest@7d9d0818]" started-at="2026-05-30T14:34:29 CEST" name="loginFallidoTest" data-provider="credencialesInvalidas" finished-at="2026-05-30T14:34:31 CEST" duration-ms="2647" status="PASS">
          <params>
            <param index="0">
              <value>
                <![CDATA[wronguser]]>
              </value>
            </param>
            <param index="1">
              <value>
                <![CDATA[SuperSecretPassword!]]>
              </value>
            </param>
            <param index="2">
              <value>
                <![CDATA[Your username is invalid]]>
              </value>
            </param>
          </params>
          <reporter-output>
          </reporter-output>
        </test-method> <!-- loginFallidoTest -->
        <test-method is-config="true" signature="tearDown()[pri:0, instance:com.qaengineer.tests.LoginTest@7d9d0818]" started-at="2026-05-30T14:34:31 CEST" name="tearDown" finished-at="2026-05-30T14:34:32 CEST" duration-ms="396" status="PASS">
          <reporter-output>
          </reporter-output>
        </test-method> <!-- tearDown -->
        <test-method is-config="true" signature="setUp()[pri:0, instance:com.qaengineer.tests.LoginTest@7d9d0818]" started-at="2026-05-30T14:34:32 CEST" name="setUp" finished-at="2026-05-30T14:34:34 CEST" duration-ms="1759" status="PASS">
          <reporter-output>
          </reporter-output>
        </test-method> <!-- setUp -->
        <test-method signature="loginFallidoTest(java.lang.String,java.lang.String,java.lang.String)[pri:0, instance:com.qaengineer.tests.LoginTest@7d9d0818]" started-at="2026-05-30T14:34:34 CEST" name="loginFallidoTest" data-provider="credencialesInvalidas" finished-at="2026-05-30T14:34:36 CEST" duration-ms="2688" status="PASS">
          <params>
            <param index="0">
              <value>
                <![CDATA[tomsmith]]>
              </value>
            </param>
            <param index="1">
              <value>
                <![CDATA[wrongpassword]]>
              </value>
            </param>
            <param index="2">
              <value>
                <![CDATA[Your password is invalid]]>
              </value>
            </param>
          </params>
          <reporter-output>
          </reporter-output>
        </test-method> <!-- loginFallidoTest -->
        <test-method is-config="true" signature="tearDown()[pri:0, instance:com.qaengineer.tests.LoginTest@7d9d0818]" started-at="2026-05-30T14:34:36 CEST" name="tearDown" finished-at="2026-05-30T14:34:37 CEST" duration-ms="272" status="PASS">
          <reporter-output>
          </reporter-output>
        </test-method> <!-- tearDown -->
      </class> <!-- com.qaengineer.tests.LoginTest -->
    </test> <!-- All Tests -->
  </suite> <!-- QA Selenium Suite -->
</testng-results>
