<?xml version="1.0" encoding="UTF-8"?>
<testng-results ignored="0" total="4" passed="4" failed="0" skipped="0">
  <reporter-output>
  </reporter-output>
  <suite started-at="2026-05-30T16:45:11 CEST" name="QA Selenium Suite" finished-at="2026-05-30T16:45:39 CEST" duration-ms="28219">
    <groups>
      <group name="regression">
        <method signature="LoginTest.loginFallidoTest(java.lang.String,java.lang.String,java.lang.String)[pri:0, instance:com.qaengineer.tests.LoginTest@769a58e5]" name="loginFallidoTest" class="com.qaengineer.tests.LoginTest"/>
      </group> <!-- regression -->
      <group name="smoke">
        <method signature="LoginTest.loginExitosoTest()[pri:0, instance:com.qaengineer.tests.LoginTest@769a58e5]" name="loginExitosoTest" class="com.qaengineer.tests.LoginTest"/>
      </group> <!-- smoke -->
    </groups>
    <test started-at="2026-05-30T16:45:11 CEST" name="All Tests" finished-at="2026-05-30T16:45:39 CEST" duration-ms="28219">
      <class name="com.qaengineer.tests.LoginTest">
        <test-method is-config="true" signature="setUp()[pri:0, instance:com.qaengineer.tests.LoginTest@769a58e5]" started-at="2026-05-30T16:45:11 CEST" name="setUp" finished-at="2026-05-30T16:45:16 CEST" duration-ms="5266" status="PASS">
          <reporter-output>
          </reporter-output>
        </test-method> <!-- setUp -->
        <test-method signature="loginExitosoTest()[pri:0, instance:com.qaengineer.tests.LoginTest@769a58e5]" started-at="2026-05-30T16:45:17 CEST" name="loginExitosoTest" finished-at="2026-05-30T16:45:22 CEST" duration-ms="5547" status="PASS">
          <reporter-output>
          </reporter-output>
        </test-method> <!-- loginExitosoTest -->
        <test-method is-config="true" signature="tearDown(org.testng.ITestResult)[pri:0, instance:com.qaengineer.tests.LoginTest@769a58e5]" started-at="2026-05-30T16:45:22 CEST" name="tearDown" finished-at="2026-05-30T16:45:23 CEST" duration-ms="448" status="PASS">
          <params>
            <param index="0">
              <value>
                <![CDATA[[TestResult name=loginExitosoTest status=SUCCESS method=LoginTest.loginExitosoTest()[pri:0, instance:com.qaengineer.tests.LoginTest@769a58e5] output={null}]]]>
              </value>
            </param>
          </params>
          <reporter-output>
          </reporter-output>
        </test-method> <!-- tearDown -->
        <test-method is-config="true" signature="setUp()[pri:0, instance:com.qaengineer.tests.LoginTest@769a58e5]" started-at="2026-05-30T16:45:23 CEST" name="setUp" finished-at="2026-05-30T16:45:24 CEST" duration-ms="1748" status="PASS">
          <reporter-output>
          </reporter-output>
        </test-method> <!-- setUp -->
        <test-method signature="loginFallidoTest(java.lang.String,java.lang.String,java.lang.String)[pri:0, instance:com.qaengineer.tests.LoginTest@769a58e5]" started-at="2026-05-30T16:45:24 CEST" name="loginFallidoTest" data-provider="invalidUsersFromJson" finished-at="2026-05-30T16:45:28 CEST" duration-ms="3464" status="PASS">
          <params>
            <param index="0">
              <value>
                <![CDATA[wronguser]]>
              </value>
            </param>
            <param index="1">
              <value>
                <![CDATA[SuperSecretPassword!]]>
              </value>
            </param>
            <param index="2">
              <value>
                <![CDATA[Your username is invalid]]>
              </value>
            </param>
          </params>
          <reporter-output>
          </reporter-output>
        </test-method> <!-- loginFallidoTest -->
        <test-method is-config="true" signature="tearDown(org.testng.ITestResult)[pri:0, instance:com.qaengineer.tests.LoginTest@769a58e5]" started-at="2026-05-30T16:45:28 CEST" name="tearDown" finished-at="2026-05-30T16:45:28 CEST" duration-ms="306" status="PASS">
          <params>
            <param index="0">
              <value>
                <![CDATA[[TestResult name=loginFallidoTest status=SUCCESS method=LoginTest.loginFallidoTest(java.lang.String,java.lang.String,java.lang.String)[pri:0, instance:com.qaengineer.tests.LoginTest@769a58e5] output={null}]]]>
              </value>
            </param>
          </params>
          <reporter-output>
          </reporter-output>
        </test-method> <!-- tearDown -->
        <test-method is-config="true" signature="setUp()[pri:0, instance:com.qaengineer.tests.LoginTest@769a58e5]" started-at="2026-05-30T16:45:28 CEST" name="setUp" finished-at="2026-05-30T16:45:30 CEST" duration-ms="1736" status="PASS">
          <reporter-output>
          </reporter-output>
        </test-method> <!-- setUp -->
        <test-method signature="loginFallidoTest(java.lang.String,java.lang.String,java.lang.String)[pri:0, instance:com.qaengineer.tests.LoginTest@769a58e5]" started-at="2026-05-30T16:45:30 CEST" name="loginFallidoTest" data-provider="invalidUsersFromJson" finished-at="2026-05-30T16:45:33 CEST" duration-ms="3427" status="PASS">
          <params>
            <param index="0">
              <value>
                <![CDATA[tomsmith]]>
              </value>
            </param>
            <param index="1">
              <value>
                <![CDATA[wrongpassword]]>
              </value>
            </param>
            <param index="2">
              <value>
                <![CDATA[Your password is invalid]]>
              </value>
            </param>
          </params>
          <reporter-output>
          </reporter-output>
        </test-method> <!-- loginFallidoTest -->
        <test-method is-config="true" signature="tearDown(org.testng.ITestResult)[pri:0, instance:com.qaengineer.tests.LoginTest@769a58e5]" started-at="2026-05-30T16:45:33 CEST" name="tearDown" finished-at="2026-05-30T16:45:34 CEST" duration-ms="324" status="PASS">
          <params>
            <param index="0">
              <value>
                <![CDATA[[TestResult name=loginFallidoTest status=SUCCESS method=LoginTest.loginFallidoTest(java.lang.String,java.lang.String,java.lang.String)[pri:0, instance:com.qaengineer.tests.LoginTest@769a58e5] output={null}]]]>
              </value>
            </param>
          </params>
          <reporter-output>
          </reporter-output>
        </test-method> <!-- tearDown -->
        <test-method is-config="true" signature="setUp()[pri:0, instance:com.qaengineer.tests.LoginTest@769a58e5]" started-at="2026-05-30T16:45:34 CEST" name="setUp" finished-at="2026-05-30T16:45:35 CEST" duration-ms="1664" status="PASS">
          <reporter-output>
          </reporter-output>
        </test-method> <!-- setUp -->
        <test-method signature="loginFallidoTest(java.lang.String,java.lang.String,java.lang.String)[pri:0, instance:com.qaengineer.tests.LoginTest@769a58e5]" started-at="2026-05-30T16:45:35 CEST" name="loginFallidoTest" data-provider="invalidUsersFromJson" finished-at="2026-05-30T16:45:39 CEST" duration-ms="3378" status="PASS">
          <params>
            <param index="0">
              <value>
                <![CDATA[]]>
              </value>
            </param>
            <param index="1">
              <value>
                <![CDATA[SuperSecretPassword!]]>
              </value>
            </param>
            <param index="2">
              <value>
                <![CDATA[Your username is invalid]]>
              </value>
            </param>
          </params>
          <reporter-output>
          </reporter-output>
        </test-method> <!-- loginFallidoTest -->
        <test-method is-config="true" signature="tearDown(org.testng.ITestResult)[pri:0, instance:com.qaengineer.tests.LoginTest@769a58e5]" started-at="2026-05-30T16:45:39 CEST" name="tearDown" finished-at="2026-05-30T16:45:39 CEST" duration-ms="287" status="PASS">
          <params>
            <param index="0">
              <value>
                <![CDATA[[TestResult name=loginFallidoTest status=SUCCESS method=LoginTest.loginFallidoTest(java.lang.String,java.lang.String,java.lang.String)[pri:0, instance:com.qaengineer.tests.LoginTest@769a58e5] output={null}]]]>
              </value>
            </param>
          </params>
          <reporter-output>
          </reporter-output>
        </test-method> <!-- tearDown -->
      </class> <!-- com.qaengineer.tests.LoginTest -->
    </test> <!-- All Tests -->
  </suite> <!-- QA Selenium Suite -->
</testng-results>
