<?xml version="1.0" encoding="UTF-8"?>
<!-- Generated by org.testng.reporters.JUnitReportReporter -->
<testsuite hostname="PC124" failures="0" tests="4" name="com.qaengineer.tests.LoginTest" time="26.589" errors="0" timestamp="2026-05-30T16:38:48 CEST" skipped="0">
  <testcase classname="com.qaengineer.tests.LoginTest" name="loginExitosoTest" time="11.613"/>
  <testcase classname="com.qaengineer.tests.LoginTest" name="loginFallidoTest" time="5.333"/>
  <testcase classname="com.qaengineer.tests.LoginTest" name="loginFallidoTest" time="5.028"/>
  <testcase classname="com.qaengineer.tests.LoginTest" name="loginFallidoTest" time="4.615"/>
</testsuite> <!-- com.qaengineer.tests.LoginTest -->
