<?xml version="1.0" encoding="UTF-8"?>
<!-- Generated by org.testng.reporters.JUnitReportReporter -->
<testsuite hostname="PC124" failures="0" tests="3" name="com.qaengineer.tests.LoginTest" time="27.020" errors="0" timestamp="2026-05-30T14:34:37 CEST" skipped="0">
  <testcase classname="com.qaengineer.tests.LoginTest" name="loginFallidoTest" time="4.843"/>
  <testcase classname="com.qaengineer.tests.LoginTest" name="loginFallidoTest" time="16.530"/>
  <testcase classname="com.qaengineer.tests.LoginTest" name="loginExitosoTest" time="5.647"/>
</testsuite> <!-- com.qaengineer.tests.LoginTest -->
